
> todolist-offline@1.0.0 web
> expo start --web

Starting project at /app
React Compiler enabled
Starting Metro Bundler

Waiting on http://localhost:8081
Logs for your project will appear below.
λ Bundled 2687ms node_modules/expo/node_modules/@expo/cli/node_modules/@expo/router-server/node/render.js (1469 modules)
"shadow*" style props are deprecated. Use "boxShadow".
"textShadow*" style props are deprecated. Use "textShadow".
Web Bundled 3678ms node_modules/expo-router/entry.js (1436 modules)
Web Bundled 872ms node_modules/expo-router/entry.js (1334 modules)
Web  INFO  %cDownload the React DevTools for a better development experience: https://react.dev/link/react-devtools font-weight:bold
Web  LOG  Running application "main" with appParams:
 {"hydrate": undefined, "rootTag": "#root"}
Development-level warnings: ON.
Performance optimizations: OFF.
Web  WARN  "shadow*" style props are deprecated. Use "boxShadow".
Web  WARN  "textShadow*" style props are deprecated. Use "textShadow".
Web Bundled 1872ms node_modules/expo-sqlite/web/worker.ts (14 modules)
